<?xml version="1.0" encoding="UTF-8"?>
<!-- Generated by org.testng.reporters.JUnitReportReporter -->
<testsuite hostname="HIMANSHU-SINGH" name="com.myntra.qa.testcases.MyProfilePageTest" tests="1" failures="0" timestamp="15 Mar 2020 09:32:28 GMT" time="20.467" errors="0">
  <testcase name="validateUserDetails" time="20.467" classname="com.myntra.qa.testcases.MyProfilePageTest"/>
</testsuite> <!-- com.myntra.qa.testcases.MyProfilePageTest -->
