<?xml version="1.0" encoding="UTF-8"?>
<!-- Generated by org.testng.reporters.JUnitReportReporter -->
<testsuite hostname="HIMANSHU-SINGH" name="com.myntra.qa.testcases.UserHomePageTest" tests="5" failures="0" timestamp="15 Mar 2020 09:32:28 GMT" time="93.396" errors="0">
  <testcase name="userNameTest" time="14.777" classname="com.myntra.qa.testcases.UserHomePageTest"/>
  <testcase name="kidsTabTest" time="17.787" classname="com.myntra.qa.testcases.UserHomePageTest"/>
  <testcase name="womenTabTest" time="18.010" classname="com.myntra.qa.testcases.UserHomePageTest"/>
  <testcase name="menTabTest" time="18.544" classname="com.myntra.qa.testcases.UserHomePageTest"/>
  <testcase name="discoverTabTest" time="24.278" classname="com.myntra.qa.testcases.UserHomePageTest"/>
</testsuite> <!-- com.myntra.qa.testcases.UserHomePageTest -->
