<?xml version="1.0" encoding="UTF-8"?>
<!-- Generated by org.testng.reporters.JUnitReportReporter -->
<testsuite hostname="HIMANSHU-SINGH" name="com.myntra.qa.testcases.MyntraLoginPageTest" tests="4" failures="0" timestamp="15 Mar 2020 09:32:28 GMT" time="34.543" errors="0">
  <testcase name="loginTest" time="11.825" classname="com.myntra.qa.testcases.MyntraLoginPageTest"/>
  <testcase name="titleTestAfterLogin" time="7.311" classname="com.myntra.qa.testcases.MyntraLoginPageTest"/>
  <testcase name="myntraHomePageUrlTest" time="7.249" classname="com.myntra.qa.testcases.MyntraLoginPageTest"/>
  <testcase name="myntraHomePageTitleTest" time="8.158" classname="com.myntra.qa.testcases.MyntraLoginPageTest"/>
</testsuite> <!-- com.myntra.qa.testcases.MyntraLoginPageTest -->
