<?xml version="1.0" encoding="UTF-8"?>
<testsuite xmlns:xsi="http://www.w3.org/2001/XMLSchema-instance" xsi:noNamespaceSchemaLocation="https://maven.apache.org/surefire/maven-surefire-plugin/xsd/surefire-test-report-3.0.xsd" version="3.0" name="TestSuite" time="259.514" tests="11" errors="0" skipped="0" failures="1">
  <properties>
    <property name="sun.desktop" value="windows"/>
    <property name="awt.toolkit" value="sun.awt.windows.WToolkit"/>
    <property name="file.encoding.pkg" value="sun.io"/>
    <property name="java.specification.version" value="1.8"/>
    <property name="webdriver.chrome.driver" value="H:\\Deivers\\73VersionChrome\\chromedriver_win32\\chromedriver.exe"/>
    <property name="sun.cpu.isalist" value="amd64"/>
    <property name="sun.jnu.encoding" value="Cp1252"/>
    <property name="java.class.path" value="H:\EclipsData\eclipse-workspace\MyntraFramwork\target\test-classes;H:\EclipsData\eclipse-workspace\MyntraFramwork\target\classes;C:\Users\TEMP.HIMANSHU-SINGH.002\.m2\repository\org\seleniumhq\selenium\selenium-java\2.45.0\selenium-java-2.45.0.jar;C:\Users\TEMP.HIMANSHU-SINGH.002\.m2\repository\org\seleniumhq\selenium\selenium-chrome-driver\2.45.0\selenium-chrome-driver-2.45.0.jar;C:\Users\TEMP.HIMANSHU-SINGH.002\.m2\repository\org\seleniumhq\selenium\selenium-remote-driver\2.45.0\selenium-remote-driver-2.45.0.jar;C:\Users\TEMP.HIMANSHU-SINGH.002\.m2\repository\cglib\cglib-nodep\2.1_3\cglib-nodep-2.1_3.jar;C:\Users\TEMP.HIMANSHU-SINGH.002\.m2\repository\com\google\code\gson\gson\2.3.1\gson-2.3.1.jar;C:\Users\TEMP.HIMANSHU-SINGH.002\.m2\repository\org\seleniumhq\selenium\selenium-api\2.45.0\selenium-api-2.45.0.jar;C:\Users\TEMP.HIMANSHU-SINGH.002\.m2\repository\com\google\guava\guava\18.0\guava-18.0.jar;C:\Users\TEMP.HIMANSHU-SINGH.002\.m2\repository\org\seleniumhq\selenium\selenium-htmlunit-driver\2.45.0\selenium-htmlunit-driver-2.45.0.jar;C:\Users\TEMP.HIMANSHU-SINGH.002\.m2\repository\net\sourceforge\htmlunit\htmlunit\2.15\htmlunit-2.15.jar;C:\Users\TEMP.HIMANSHU-SINGH.002\.m2\repository\xalan\xalan\2.7.1\xalan-2.7.1.jar;C:\Users\TEMP.HIMANSHU-SINGH.002\.m2\repository\xalan\serializer\2.7.1\serializer-2.7.1.jar;C:\Users\TEMP.HIMANSHU-SINGH.002\.m2\repository\commons-collections\commons-collections\3.2.1\commons-collections-3.2.1.jar;C:\Users\TEMP.HIMANSHU-SINGH.002\.m2\repository\org\apache\commons\commons-lang3\3.3.2\commons-lang3-3.3.2.jar;C:\Users\TEMP.HIMANSHU-SINGH.002\.m2\repository\org\apache\httpcomponents\httpmime\4.3.3\httpmime-4.3.3.jar;C:\Users\TEMP.HIMANSHU-SINGH.002\.m2\repository\net\sourceforge\htmlunit\htmlunit-core-js\2.15\htmlunit-core-js-2.15.jar;C:\Users\TEMP.HIMANSHU-SINGH.002\.m2\repository\xerces\xercesImpl\2.11.0\xercesImpl-2.11.0.jar;C:\Users\TEMP.HIMANSHU-SINGH.002\.m2\repository\net\sourceforge\nekohtml\nekohtml\1.9.21\nekohtml-1.9.21.jar;C:\Users\TEMP.HIMANSHU-SINGH.002\.m2\repository\net\sourceforge\cssparser\cssparser\0.9.14\cssparser-0.9.14.jar;C:\Users\TEMP.HIMANSHU-SINGH.002\.m2\repository\org\w3c\css\sac\1.3\sac-1.3.jar;C:\Users\TEMP.HIMANSHU-SINGH.002\.m2\repository\commons-logging\commons-logging\1.1.3\commons-logging-1.1.3.jar;C:\Users\TEMP.HIMANSHU-SINGH.002\.m2\repository\org\eclipse\jetty\jetty-websocket\8.1.15.v20140411\jetty-websocket-8.1.15.v20140411.jar;C:\Users\TEMP.HIMANSHU-SINGH.002\.m2\repository\org\eclipse\jetty\jetty-util\8.1.15.v20140411\jetty-util-8.1.15.v20140411.jar;C:\Users\TEMP.HIMANSHU-SINGH.002\.m2\repository\org\eclipse\jetty\jetty-io\8.1.15.v20140411\jetty-io-8.1.15.v20140411.jar;C:\Users\TEMP.HIMANSHU-SINGH.002\.m2\repository\org\eclipse\jetty\jetty-http\8.1.15.v20140411\jetty-http-8.1.15.v20140411.jar;C:\Users\TEMP.HIMANSHU-SINGH.002\.m2\repository\org\apache\httpcomponents\httpclient\4.3.6\httpclient-4.3.6.jar;C:\Users\TEMP.HIMANSHU-SINGH.002\.m2\repository\org\apache\httpcomponents\httpcore\4.3.3\httpcore-4.3.3.jar;C:\Users\TEMP.HIMANSHU-SINGH.002\.m2\repository\org\seleniumhq\selenium\selenium-firefox-driver\2.45.0\selenium-firefox-driver-2.45.0.jar;C:\Users\TEMP.HIMANSHU-SINGH.002\.m2\repository\org\apache\commons\commons-exec\1.1\commons-exec-1.1.jar;C:\Users\TEMP.HIMANSHU-SINGH.002\.m2\repository\org\seleniumhq\selenium\selenium-ie-driver\2.45.0\selenium-ie-driver-2.45.0.jar;C:\Users\TEMP.HIMANSHU-SINGH.002\.m2\repository\net\java\dev\jna\jna\3.4.0\jna-3.4.0.jar;C:\Users\TEMP.HIMANSHU-SINGH.002\.m2\repository\net\java\dev\jna\platform\3.4.0\platform-3.4.0.jar;C:\Users\TEMP.HIMANSHU-SINGH.002\.m2\repository\org\seleniumhq\selenium\selenium-safari-driver\2.45.0\selenium-safari-driver-2.45.0.jar;C:\Users\TEMP.HIMANSHU-SINGH.002\.m2\repository\org\seleniumhq\selenium\selenium-support\2.45.0\selenium-support-2.45.0.jar;C:\Users\TEMP.HIMANSHU-SINGH.002\.m2\repository\org\webbitserver\webbit\0.4.14\webbit-0.4.14.jar;C:\Users\TEMP.HIMANSHU-SINGH.002\.m2\repository\io\netty\netty\3.5.2.Final\netty-3.5.2.Final.jar;C:\Users\TEMP.HIMANSHU-SINGH.002\.m2\repository\org\seleniumhq\selenium\selenium-leg-rc\2.45.0\selenium-leg-rc-2.45.0.jar;C:\Users\TEMP.HIMANSHU-SINGH.002\.m2\repository\org\testng\testng\6.10\testng-6.10.jar;C:\Users\TEMP.HIMANSHU-SINGH.002\.m2\repository\com\beust\jcommander\1.48\jcommander-1.48.jar;C:\Users\TEMP.HIMANSHU-SINGH.002\.m2\repository\org\apache\poi\poi\4.1.1\poi-4.1.1.jar;C:\Users\TEMP.HIMANSHU-SINGH.002\.m2\repository\commons-codec\commons-codec\1.13\commons-codec-1.13.jar;C:\Users\TEMP.HIMANSHU-SINGH.002\.m2\repository\org\apache\commons\commons-collections4\4.4\commons-collections4-4.4.jar;C:\Users\TEMP.HIMANSHU-SINGH.002\.m2\repository\org\apache\commons\commons-math3\3.6.1\commons-math3-3.6.1.jar;C:\Users\TEMP.HIMANSHU-SINGH.002\.m2\repository\org\apache\poi\poi-ooxml\4.1.1\poi-ooxml-4.1.1.jar;C:\Users\TEMP.HIMANSHU-SINGH.002\.m2\repository\org\apache\commons\commons-compress\1.19\commons-compress-1.19.jar;C:\Users\TEMP.HIMANSHU-SINGH.002\.m2\repository\com\github\virtuald\curvesapi\1.06\curvesapi-1.06.jar;C:\Users\TEMP.HIMANSHU-SINGH.002\.m2\repository\org\apache\poi\poi-ooxml-schemas\4.1.1\poi-ooxml-schemas-4.1.1.jar;C:\Users\TEMP.HIMANSHU-SINGH.002\.m2\repository\org\apache\xmlbeans\xmlbeans\3.1.0\xmlbeans-3.1.0.jar;C:\Users\TEMP.HIMANSHU-SINGH.002\.m2\repository\org\apache\poi\poi-scratchpad\4.1.1\poi-scratchpad-4.1.1.jar;C:\Users\TEMP.HIMANSHU-SINGH.002\.m2\repository\org\apache\poi\ooxml-schemas\1.1\ooxml-schemas-1.1.jar;C:\Users\TEMP.HIMANSHU-SINGH.002\.m2\repository\org\apache\poi\openxml4j\1.0-beta\openxml4j-1.0-beta.jar;C:\Users\TEMP.HIMANSHU-SINGH.002\.m2\repository\dom4j\dom4j\1.6.1\dom4j-1.6.1.jar;C:\Users\TEMP.HIMANSHU-SINGH.002\.m2\repository\log4j\log4j\1.2.8\log4j-1.2.8.jar;C:\Users\TEMP.HIMANSHU-SINGH.002\.m2\repository\commons-io\commons-io\2.6\commons-io-2.6.jar;C:\Users\TEMP.HIMANSHU-SINGH.002\.m2\repository\xml-apis\xml-apis\1.4.01\xml-apis-1.4.01.jar;"/>
    <property name="java.vm.vendor" value="Oracle Corporation"/>
    <property name="sun.arch.data.model" value="64"/>
    <property name="user.variant" value=""/>
    <property name="java.vendor.url" value="http://java.oracle.com/"/>
    <property name="user.timezone" value="Asia/Calcutta"/>
    <property name="java.vm.specification.version" value="1.8"/>
    <property name="os.name" value="Windows 7"/>
    <property name="user.country" value="IN"/>
    <property name="sun.java.launcher" value="SUN_STANDARD"/>
    <property name="sun.boot.library.path" value="C:\Program Files\Java\jre1.8.0_161\bin"/>
    <property name="sun.java.command" value="C:\Users\TEMP.HIMANSHU-SINGH.002\AppData\Local\Temp\surefire8331399789140466011\surefirebooter4487665147394817464.jar C:\Users\TEMP.HIMANSHU-SINGH.002\AppData\Local\Temp\surefire8331399789140466011 2020-03-17T14-47-10_063-jvmRun1 surefire5776324311144096312tmp surefire_05513274862562308599tmp"/>
    <property name="surefire.test.class.path" value="H:\EclipsData\eclipse-workspace\MyntraFramwork\target\test-classes;H:\EclipsData\eclipse-workspace\MyntraFramwork\target\classes;C:\Users\TEMP.HIMANSHU-SINGH.002\.m2\repository\org\seleniumhq\selenium\selenium-java\2.45.0\selenium-java-2.45.0.jar;C:\Users\TEMP.HIMANSHU-SINGH.002\.m2\repository\org\seleniumhq\selenium\selenium-chrome-driver\2.45.0\selenium-chrome-driver-2.45.0.jar;C:\Users\TEMP.HIMANSHU-SINGH.002\.m2\repository\org\seleniumhq\selenium\selenium-remote-driver\2.45.0\selenium-remote-driver-2.45.0.jar;C:\Users\TEMP.HIMANSHU-SINGH.002\.m2\repository\cglib\cglib-nodep\2.1_3\cglib-nodep-2.1_3.jar;C:\Users\TEMP.HIMANSHU-SINGH.002\.m2\repository\com\google\code\gson\gson\2.3.1\gson-2.3.1.jar;C:\Users\TEMP.HIMANSHU-SINGH.002\.m2\repository\org\seleniumhq\selenium\selenium-api\2.45.0\selenium-api-2.45.0.jar;C:\Users\TEMP.HIMANSHU-SINGH.002\.m2\repository\com\google\guava\guava\18.0\guava-18.0.jar;C:\Users\TEMP.HIMANSHU-SINGH.002\.m2\repository\org\seleniumhq\selenium\selenium-htmlunit-driver\2.45.0\selenium-htmlunit-driver-2.45.0.jar;C:\Users\TEMP.HIMANSHU-SINGH.002\.m2\repository\net\sourceforge\htmlunit\htmlunit\2.15\htmlunit-2.15.jar;C:\Users\TEMP.HIMANSHU-SINGH.002\.m2\repository\xalan\xalan\2.7.1\xalan-2.7.1.jar;C:\Users\TEMP.HIMANSHU-SINGH.002\.m2\repository\xalan\serializer\2.7.1\serializer-2.7.1.jar;C:\Users\TEMP.HIMANSHU-SINGH.002\.m2\repository\commons-collections\commons-collections\3.2.1\commons-collections-3.2.1.jar;C:\Users\TEMP.HIMANSHU-SINGH.002\.m2\repository\org\apache\commons\commons-lang3\3.3.2\commons-lang3-3.3.2.jar;C:\Users\TEMP.HIMANSHU-SINGH.002\.m2\repository\org\apache\httpcomponents\httpmime\4.3.3\httpmime-4.3.3.jar;C:\Users\TEMP.HIMANSHU-SINGH.002\.m2\repository\net\sourceforge\htmlunit\htmlunit-core-js\2.15\htmlunit-core-js-2.15.jar;C:\Users\TEMP.HIMANSHU-SINGH.002\.m2\repository\xerces\xercesImpl\2.11.0\xercesImpl-2.11.0.jar;C:\Users\TEMP.HIMANSHU-SINGH.002\.m2\repository\net\sourceforge\nekohtml\nekohtml\1.9.21\nekohtml-1.9.21.jar;C:\Users\TEMP.HIMANSHU-SINGH.002\.m2\repository\net\sourceforge\cssparser\cssparser\0.9.14\cssparser-0.9.14.jar;C:\Users\TEMP.HIMANSHU-SINGH.002\.m2\repository\org\w3c\css\sac\1.3\sac-1.3.jar;C:\Users\TEMP.HIMANSHU-SINGH.002\.m2\repository\commons-logging\commons-logging\1.1.3\commons-logging-1.1.3.jar;C:\Users\TEMP.HIMANSHU-SINGH.002\.m2\repository\org\eclipse\jetty\jetty-websocket\8.1.15.v20140411\jetty-websocket-8.1.15.v20140411.jar;C:\Users\TEMP.HIMANSHU-SINGH.002\.m2\repository\org\eclipse\jetty\jetty-util\8.1.15.v20140411\jetty-util-8.1.15.v20140411.jar;C:\Users\TEMP.HIMANSHU-SINGH.002\.m2\repository\org\eclipse\jetty\jetty-io\8.1.15.v20140411\jetty-io-8.1.15.v20140411.jar;C:\Users\TEMP.HIMANSHU-SINGH.002\.m2\repository\org\eclipse\jetty\jetty-http\8.1.15.v20140411\jetty-http-8.1.15.v20140411.jar;C:\Users\TEMP.HIMANSHU-SINGH.002\.m2\repository\org\apache\httpcomponents\httpclient\4.3.6\httpclient-4.3.6.jar;C:\Users\TEMP.HIMANSHU-SINGH.002\.m2\repository\org\apache\httpcomponents\httpcore\4.3.3\httpcore-4.3.3.jar;C:\Users\TEMP.HIMANSHU-SINGH.002\.m2\repository\org\seleniumhq\selenium\selenium-firefox-driver\2.45.0\selenium-firefox-driver-2.45.0.jar;C:\Users\TEMP.HIMANSHU-SINGH.002\.m2\repository\org\apache\commons\commons-exec\1.1\commons-exec-1.1.jar;C:\Users\TEMP.HIMANSHU-SINGH.002\.m2\repository\org\seleniumhq\selenium\selenium-ie-driver\2.45.0\selenium-ie-driver-2.45.0.jar;C:\Users\TEMP.HIMANSHU-SINGH.002\.m2\repository\net\java\dev\jna\jna\3.4.0\jna-3.4.0.jar;C:\Users\TEMP.HIMANSHU-SINGH.002\.m2\repository\net\java\dev\jna\platform\3.4.0\platform-3.4.0.jar;C:\Users\TEMP.HIMANSHU-SINGH.002\.m2\repository\org\seleniumhq\selenium\selenium-safari-driver\2.45.0\selenium-safari-driver-2.45.0.jar;C:\Users\TEMP.HIMANSHU-SINGH.002\.m2\repository\org\seleniumhq\selenium\selenium-support\2.45.0\selenium-support-2.45.0.jar;C:\Users\TEMP.HIMANSHU-SINGH.002\.m2\repository\org\webbitserver\webbit\0.4.14\webbit-0.4.14.jar;C:\Users\TEMP.HIMANSHU-SINGH.002\.m2\repository\io\netty\netty\3.5.2.Final\netty-3.5.2.Final.jar;C:\Users\TEMP.HIMANSHU-SINGH.002\.m2\repository\org\seleniumhq\selenium\selenium-leg-rc\2.45.0\selenium-leg-rc-2.45.0.jar;C:\Users\TEMP.HIMANSHU-SINGH.002\.m2\repository\org\testng\testng\6.10\testng-6.10.jar;C:\Users\TEMP.HIMANSHU-SINGH.002\.m2\repository\com\beust\jcommander\1.48\jcommander-1.48.jar;C:\Users\TEMP.HIMANSHU-SINGH.002\.m2\repository\org\apache\poi\poi\4.1.1\poi-4.1.1.jar;C:\Users\TEMP.HIMANSHU-SINGH.002\.m2\repository\commons-codec\commons-codec\1.13\commons-codec-1.13.jar;C:\Users\TEMP.HIMANSHU-SINGH.002\.m2\repository\org\apache\commons\commons-collections4\4.4\commons-collections4-4.4.jar;C:\Users\TEMP.HIMANSHU-SINGH.002\.m2\repository\org\apache\commons\commons-math3\3.6.1\commons-math3-3.6.1.jar;C:\Users\TEMP.HIMANSHU-SINGH.002\.m2\repository\org\apache\poi\poi-ooxml\4.1.1\poi-ooxml-4.1.1.jar;C:\Users\TEMP.HIMANSHU-SINGH.002\.m2\repository\org\apache\commons\commons-compress\1.19\commons-compress-1.19.jar;C:\Users\TEMP.HIMANSHU-SINGH.002\.m2\repository\com\github\virtuald\curvesapi\1.06\curvesapi-1.06.jar;C:\Users\TEMP.HIMANSHU-SINGH.002\.m2\repository\org\apache\poi\poi-ooxml-schemas\4.1.1\poi-ooxml-schemas-4.1.1.jar;C:\Users\TEMP.HIMANSHU-SINGH.002\.m2\repository\org\apache\xmlbeans\xmlbeans\3.1.0\xmlbeans-3.1.0.jar;C:\Users\TEMP.HIMANSHU-SINGH.002\.m2\repository\org\apache\poi\poi-scratchpad\4.1.1\poi-scratchpad-4.1.1.jar;C:\Users\TEMP.HIMANSHU-SINGH.002\.m2\repository\org\apache\poi\ooxml-schemas\1.1\ooxml-schemas-1.1.jar;C:\Users\TEMP.HIMANSHU-SINGH.002\.m2\repository\org\apache\poi\openxml4j\1.0-beta\openxml4j-1.0-beta.jar;C:\Users\TEMP.HIMANSHU-SINGH.002\.m2\repository\dom4j\dom4j\1.6.1\dom4j-1.6.1.jar;C:\Users\TEMP.HIMANSHU-SINGH.002\.m2\repository\log4j\log4j\1.2.8\log4j-1.2.8.jar;C:\Users\TEMP.HIMANSHU-SINGH.002\.m2\repository\commons-io\commons-io\2.6\commons-io-2.6.jar;C:\Users\TEMP.HIMANSHU-SINGH.002\.m2\repository\xml-apis\xml-apis\1.4.01\xml-apis-1.4.01.jar;"/>
    <property name="sun.cpu.endian" value="little"/>
    <property name="user.home" value="C:\Users\TEMP.HIMANSHU-SINGH.002"/>
    <property name="user.language" value="en"/>
    <property name="java.specification.vendor" value="Oracle Corporation"/>
    <property name="java.home" value="C:\Program Files\Java\jre1.8.0_161"/>
    <property name="basedir" value="H:\EclipsData\eclipse-workspace\MyntraFramwork"/>
    <property name="file.separator" value="\"/>
    <property name="line.separator" value="&#10;"/>
    <property name="java.vm.specification.vendor" value="Oracle Corporation"/>
    <property name="java.specification.name" value="Java Platform API Specification"/>
    <property name="java.awt.graphicsenv" value="sun.awt.Win32GraphicsEnvironment"/>
    <property name="surefire.real.class.path" value="C:\Users\TEMP.HIMANSHU-SINGH.002\AppData\Local\Temp\surefire8331399789140466011\surefirebooter4487665147394817464.jar"/>
    <property name="sun.boot.class.path" value="C:\Program Files\Java\jre1.8.0_161\lib\resources.jar;C:\Program Files\Java\jre1.8.0_161\lib\rt.jar;C:\Program Files\Java\jre1.8.0_161\lib\sunrsasign.jar;C:\Program Files\Java\jre1.8.0_161\lib\jsse.jar;C:\Program Files\Java\jre1.8.0_161\lib\jce.jar;C:\Program Files\Java\jre1.8.0_161\lib\charsets.jar;C:\Program Files\Java\jre1.8.0_161\lib\jfr.jar;C:\Program Files\Java\jre1.8.0_161\classes"/>
    <property name="user.script" value=""/>
    <property name="sun.management.compiler" value="HotSpot 64-Bit Tiered Compilers"/>
    <property name="java.runtime.version" value="1.8.0_161-b12"/>
    <property name="user.name" value="Admin"/>
    <property name="path.separator" value=";"/>
    <property name="os.version" value="6.1"/>
    <property name="java.endorsed.dirs" value="C:\Program Files\Java\jre1.8.0_161\lib\endorsed"/>
    <property name="java.runtime.name" value="Java(TM) SE Runtime Environment"/>
    <property name="file.encoding" value="Cp1252"/>
    <property name="java.vm.name" value="Java HotSpot(TM) 64-Bit Server VM"/>
    <property name="localRepository" value="C:\Users\TEMP.HIMANSHU-SINGH.002\.m2\repository"/>
    <property name="java.vendor.url.bug" value="http://bugreport.sun.com/bugreport/"/>
    <property name="java.io.tmpdir" value="C:\Users\TEMPHI~1.002\AppData\Local\Temp\"/>
    <property name="java.version" value="1.8.0_161"/>
    <property name="user.dir" value="H:\EclipsData\eclipse-workspace\MyntraFramwork"/>
    <property name="os.arch" value="amd64"/>
    <property name="java.vm.specification.name" value="Java Virtual Machine Specification"/>
    <property name="java.awt.printerjob" value="sun.awt.windows.WPrinterJob"/>
    <property name="sun.os.patch.level" value="Service Pack 1"/>
    <property name="java.library.path" value="C:\Program Files\Java\jre1.8.0_161\bin;C:\Windows\Sun\Java\bin;C:\Windows\system32;C:\Windows;C:\Users\TEMP.HIMANSHU-SINGH.002\.jenkins\tools\hudson.tasks.Maven_MavenInstallation\TestMaven/bin;C:\ProgramData\Oracle\Java\javapath;C:\Program Files\Broadcom\Broadcom 802.11\Driver;C:\Program Files\Java\jdk1.8.0_121;C:\Program Files\Java\JRE\bin;C:\Program Files\Microsoft SQL Server\110\Tools\Binn\;C:\Program Files (x86)\Microsoft SQL Server\110\Tools\Binn\ManagementStudio\;C:\Program Files (x86)\Microsoft SQL Server\110\Tools\Binn\;C:\Program Files (x86)\Microsoft SQL Server\110\DTS\Binn\;C:\Program Files (x86)\Android\android-sdk\platform-tools;C:\Program Files (x86)\Android\android-sdk\tools;C:\Program Files\nodejs\;C:\Program Files\Git\cmd;C:\Program Files\Java\jdk1.8.0_121\bin;C:\Program Files\Java\jre1.8.0_161\bin;G:\MavenFile\apache-maven-3.6.3\bin;."/>
    <property name="java.vm.info" value="mixed mode"/>
    <property name="java.vendor" value="Oracle Corporation"/>
    <property name="java.vm.version" value="25.161-b12"/>
    <property name="java.ext.dirs" value="C:\Program Files\Java\jre1.8.0_161\lib\ext;C:\Windows\Sun\Java\lib\ext"/>
    <property name="sun.io.unicode.encoding" value="UnicodeLittle"/>
    <property name="java.class.version" value="52.0"/>
  </properties>
  <testcase name="validateUserDetails" classname="com.myntra.qa.testcases.MyProfilePageTest" time="0.582"/>
  <testcase name="myntraHomePageUrlTest" classname="com.myntra.qa.testcases.MyntraLoginPageTest" time="0.017"/>
  <testcase name="myntraHomePageTitleTest" classname="com.myntra.qa.testcases.MyntraLoginPageTest" time="0.014"/>
  <testcase name="loginTest" classname="com.myntra.qa.testcases.MyntraLoginPageTest" time="5.456"/>
  <testcase name="titleTestAfterLogin" classname="com.myntra.qa.testcases.MyntraLoginPageTest" time="0.012"/>
  <testcase name="validateSearchResultTextAfterSearching" classname="com.myntra.qa.testcases.SearchFunctionPageTest" time="23.871">
    <failure message="no such element: Unable to locate element: {&quot;method&quot;:&quot;xpath&quot;,&quot;selector&quot;:&quot;//h1[@class=&apos;title-title&apos;]&quot;}&#10;  (Session info: chrome=79.0.3945.130)&#10;  (Driver info: chromedriver=72.0.3626.69 (3c16f8a135abc0d4da2dff33804db79b849a7c38),platform=Windows NT 6.1.7601 SP1 x86_64) (WARNING: The server did not provide any stacktrace information)&#10;Command duration or timeout: 20.09 seconds&#10;For documentation on this error, please visit: http://seleniumhq.org/exceptions/no_such_element.html&#10;Build info: version: &apos;2.45.0&apos;, revision: &apos;5017cb8e7ca8e37638dc3091b2440b90a1d8686f&apos;, time: &apos;2015-02-27 09:10:26&apos;&#10;System info: host: &apos;HIMANSHU-SINGH&apos;, ip: &apos;192.168.0.103&apos;, os.name: &apos;Windows 7&apos;, os.arch: &apos;amd64&apos;, os.version: &apos;6.1&apos;, java.version: &apos;1.8.0_161&apos;&#10;Driver info: org.openqa.selenium.chrome.ChromeDriver&#10;Capabilities [{mobileEmulationEnabled=false, timeouts={implicit=0, pageLoad=300000, script=30000}, hasTouchScreen=false, platform=XP, acceptSslCerts=false, goog:chromeOptions={debuggerAddress=localhost:63360}, acceptInsecureCerts=false, webStorageEnabled=true, browserName=chrome, takesScreenshot=true, javascriptEnabled=true, setWindowRect=true, unexpectedAlertBehaviour=ignore, applicationCacheEnabled=false, rotatable=false, networkConnectionEnabled=false, chrome={chromedriverVersion=72.0.3626.69 (3c16f8a135abc0d4da2dff33804db79b849a7c38), userDataDir=C:\Users\TEMPHI~1.002\AppData\Local\Temp\scoped_dir25696_27630}, takesHeapSnapshot=true, pageLoadStrategy=normal, databaseEnabled=false, handlesAlerts=true, version=79.0.3945.130, browserConnectionEnabled=false, proxy={}, nativeEvents=true, locationContextEnabled=true, cssSelectorsEnabled=true}]&#10;Session ID: 75d4087c2f97d02969f7442ddcf9aeeb&#10;*** Element info: {Using=xpath, value=//h1[@class=&apos;title-title&apos;]}" type="org.openqa.selenium.NoSuchElementException"><![CDATA[org.openqa.selenium.NoSuchElementException: 
no such element: Unable to locate element: {"method":"xpath","selector":"//h1[@class='title-title']"}
  (Session info: chrome=79.0.3945.130)
  (Driver info: chromedriver=72.0.3626.69 (3c16f8a135abc0d4da2dff33804db79b849a7c38),platform=Windows NT 6.1.7601 SP1 x86_64) (WARNING: The server did not provide any stacktrace information)
Command duration or timeout: 20.09 seconds
For documentation on this error, please visit: http://seleniumhq.org/exceptions/no_such_element.html
Build info: version: '2.45.0', revision: '5017cb8e7ca8e37638dc3091b2440b90a1d8686f', time: '2015-02-27 09:10:26'
System info: host: 'HIMANSHU-SINGH', ip: '192.168.0.103', os.name: 'Windows 7', os.arch: 'amd64', os.version: '6.1', java.version: '1.8.0_161'
Driver info: org.openqa.selenium.chrome.ChromeDriver
Capabilities [{mobileEmulationEnabled=false, timeouts={implicit=0, pageLoad=300000, script=30000}, hasTouchScreen=false, platform=XP, acceptSslCerts=false, goog:chromeOptions={debuggerAddress=localhost:63360}, acceptInsecureCerts=false, webStorageEnabled=true, browserName=chrome, takesScreenshot=true, javascriptEnabled=true, setWindowRect=true, unexpectedAlertBehaviour=ignore, applicationCacheEnabled=false, rotatable=false, networkConnectionEnabled=false, chrome={chromedriverVersion=72.0.3626.69 (3c16f8a135abc0d4da2dff33804db79b849a7c38), userDataDir=C:\Users\TEMPHI~1.002\AppData\Local\Temp\scoped_dir25696_27630}, takesHeapSnapshot=true, pageLoadStrategy=normal, databaseEnabled=false, handlesAlerts=true, version=79.0.3945.130, browserConnectionEnabled=false, proxy={}, nativeEvents=true, locationContextEnabled=true, cssSelectorsEnabled=true}]
Session ID: 75d4087c2f97d02969f7442ddcf9aeeb
*** Element info: {Using=xpath, value=//h1[@class='title-title']}
	at com.myntra.qa.testcases.SearchFunctionPageTest.validateSearchResultTextAfterSearching(SearchFunctionPageTest.java:34)
]]></failure>
    <system-err><![CDATA[Starting ChromeDriver 72.0.3626.69 (3c16f8a135abc0d4da2dff33804db79b849a7c38) on port 10198
Only local connections are allowed.
Please protect ports used by ChromeDriver and related test frameworks to prevent access by malicious code.
]]></system-err>
  </testcase>
  <testcase name="userNameTest" classname="com.myntra.qa.testcases.UserHomePageTest" time="5.936"/>
  <testcase name="menTabTest" classname="com.myntra.qa.testcases.UserHomePageTest" time="11.936"/>
  <testcase name="womenTabTest" classname="com.myntra.qa.testcases.UserHomePageTest" time="9.268"/>
  <testcase name="kidsTabTest" classname="com.myntra.qa.testcases.UserHomePageTest" time="8.609"/>
  <testcase name="discoverTabTest" classname="com.myntra.qa.testcases.UserHomePageTest" time="8.822"/>
</testsuite>