<?xml version="1.0" encoding="UTF-8"?>
<!-- Generated by org.testng.reporters.JUnitReportReporter -->
<testsuite name="com.myntra.qa.testcases.UserHomePageTest" tests="5" time="109.214" ignored="0" failures="0" timestamp="17 Mar 2020 09:21:31 GMT" skipped="0" hostname="HIMANSHU-SINGH" errors="0">
  <testcase name="discoverTabTest" time="26.315" classname="com.myntra.qa.testcases.UserHomePageTest"/>
  <testcase name="userNameTest" time="19.899" classname="com.myntra.qa.testcases.UserHomePageTest"/>
  <testcase name="kidsTabTest" time="19.266" classname="com.myntra.qa.testcases.UserHomePageTest"/>
  <testcase name="menTabTest" time="20.689" classname="com.myntra.qa.testcases.UserHomePageTest"/>
  <testcase name="womenTabTest" time="23.045" classname="com.myntra.qa.testcases.UserHomePageTest"/>
</testsuite> <!-- com.myntra.qa.testcases.UserHomePageTest -->
