<?xml version="1.0" encoding="UTF-8"?>
<!-- Generated by org.testng.reporters.JUnitReportReporter -->
<testsuite name="com.myntra.qa.testcases.MyntraLoginPageTest" tests="4" time="52.733" ignored="0" failures="0" timestamp="17 Mar 2020 09:21:31 GMT" skipped="0" hostname="HIMANSHU-SINGH" errors="0">
  <testcase name="myntraHomePageTitleTest" time="7.382" classname="com.myntra.qa.testcases.MyntraLoginPageTest"/>
  <testcase name="myntraHomePageUrlTest" time="10.351" classname="com.myntra.qa.testcases.MyntraLoginPageTest"/>
  <testcase name="loginTest" time="23.823" classname="com.myntra.qa.testcases.MyntraLoginPageTest"/>
  <testcase name="titleTestAfterLogin" time="11.177" classname="com.myntra.qa.testcases.MyntraLoginPageTest"/>
</testsuite> <!-- com.myntra.qa.testcases.MyntraLoginPageTest -->
