<?xml version="1.0" encoding="UTF-8"?>
<!-- Generated by org.testng.reporters.JUnitReportReporter -->
<testsuite name="com.myntra.qa.testcases.MyProfilePageTest" tests="1" time="50.288" ignored="0" failures="0" timestamp="17 Mar 2020 09:21:31 GMT" skipped="0" hostname="HIMANSHU-SINGH" errors="0">
  <testcase name="validateUserDetails" time="50.288" classname="com.myntra.qa.testcases.MyProfilePageTest"/>
</testsuite> <!-- com.myntra.qa.testcases.MyProfilePageTest -->
